<?xml version="1.0" encoding="UTF-8"?>
<!-- Generated by org.testng.reporters.JUnitXMLReporter -->
<testsuite ignored="1" hostname="DESKTOP-26GHAL4" failures="0" tests="1" name="Default test" time="25.835" errors="0" timestamp="2024-09-02T04:42:44 PDT">
  <testcase classname="com.mystore.testcases.TC_MyAccounPageTestDDT" name="verifyRegistrationAndLogin" time="12.112"/>
  <testcase classname="com.mystore.testcases.TC_MyAccounPageTestDDT" name="verifyLogin" time="0.0">
    <ignored/>
  </testcase> <!-- verifyLogin -->
</testsuite> <!-- Default test -->
